2019-06-06 13:55:38,040 INFO:NEW JOB
---
2019-06-06 13:55:38,049 ERROR:Issue importing conditions 0
2019-06-06 13:55:38,049 ERROR:Issue importing conditions 2
2019-06-06 13:55:38,049 ERROR:Issue importing conditions 4
2019-06-06 13:55:38,049 ERROR:Issue importing conditions 6
2019-06-06 13:55:38,049 ERROR:Issue importing conditions 7
2019-06-06 13:55:38,050 ERROR:Issue importing conditions 9
2019-06-06 13:55:38,050 ERROR:Issue importing conditions 10
2019-06-06 13:55:38,050 ERROR:Issue importing conditions 12
2019-06-06 13:55:38,050 ERROR:Issue importing conditions 13
2019-06-06 13:55:38,050 ERROR:Issue importing conditions 15
2019-06-06 13:55:38,050 ERROR:Issue importing conditions 16
2019-06-06 13:55:38,051 ERROR:Issue importing conditions 18
2019-06-06 13:55:38,051 ERROR:Issue importing conditions 20
2019-06-06 13:55:38,051 ERROR:Issue importing conditions 21
2019-06-06 13:58:11,947 INFO:NEW JOB
---
2019-06-06 13:58:11,948 ERROR:Issue importing conditions 0
2019-06-06 13:58:11,948 ERROR:Issue importing conditions 2
2019-06-06 13:58:11,948 ERROR:Issue importing conditions 4
2019-06-06 13:58:11,948 ERROR:Issue importing conditions 6
2019-06-06 13:58:11,948 ERROR:Issue importing conditions 7
2019-06-06 13:58:11,948 ERROR:Issue importing conditions 9
2019-06-06 13:58:11,948 ERROR:Issue importing conditions 10
2019-06-06 13:58:11,949 ERROR:Issue importing conditions 12
2019-06-06 13:58:11,949 ERROR:Issue importing conditions 13
2019-06-06 13:58:11,949 ERROR:Issue importing conditions 15
2019-06-06 13:58:11,949 ERROR:Issue importing conditions 16
2019-06-06 13:58:11,949 ERROR:Issue importing conditions 18
2019-06-06 13:58:11,949 ERROR:Issue importing conditions 20
2019-06-06 13:58:11,949 ERROR:Issue importing conditions 21
2019-06-06 14:36:20,611 INFO:NEW JOB
---
2019-06-06 14:36:20,613 ERROR:Issue importing conditions 0
2019-06-06 14:36:20,613 ERROR:Issue importing conditions 2
2019-06-06 14:36:20,613 ERROR:Issue importing conditions 4
2019-06-06 14:36:20,613 ERROR:Issue importing conditions 6
2019-06-06 14:36:20,613 ERROR:Issue importing conditions 7
2019-06-06 14:36:20,613 ERROR:Issue importing conditions 9
2019-06-06 14:36:20,613 ERROR:Issue importing conditions 10
2019-06-06 14:36:20,613 ERROR:Issue importing conditions 12
2019-06-06 14:36:20,613 ERROR:Issue importing conditions 13
2019-06-06 14:36:20,613 ERROR:Issue importing conditions 15
2019-06-06 14:36:20,613 ERROR:Issue importing conditions 16
2019-06-06 14:36:20,614 ERROR:Issue importing conditions 18
2019-06-06 14:36:20,614 ERROR:Issue importing conditions 20
2019-06-06 14:36:20,614 ERROR:Issue importing conditions 21
2019-06-06 14:51:17,319 INFO:NEW JOB
---
2019-06-06 14:51:17,320 ERROR:Issue importing conditions 0
2019-06-06 14:51:17,320 ERROR:Issue importing conditions 2
2019-06-06 14:51:17,320 ERROR:Issue importing conditions 4
2019-06-06 14:51:17,320 ERROR:Issue importing conditions 6
2019-06-06 14:51:17,320 ERROR:Issue importing conditions 7
2019-06-06 14:51:17,320 ERROR:Issue importing conditions 9
2019-06-06 14:51:17,321 ERROR:Issue importing conditions 10
2019-06-06 14:51:17,321 ERROR:Issue importing conditions 12
2019-06-06 14:51:17,321 ERROR:Issue importing conditions 13
2019-06-06 14:51:17,321 ERROR:Issue importing conditions 15
2019-06-06 14:51:17,321 ERROR:Issue importing conditions 16
2019-06-06 14:51:17,321 ERROR:Issue importing conditions 18
2019-06-06 14:51:17,321 ERROR:Issue importing conditions 20
2019-06-06 14:51:17,321 ERROR:Issue importing conditions 21
2019-06-06 14:52:59,710 INFO:Checked {'type': 'CO2', 'message': '<alias> reads > 2000 ppm', 'database': 'CEVAC_WATT_IAQ_LATEST_CACHE', 'column': 'ActualValue', 'num_entries': 1, 'hour': '*', 'day': '*', 'month': '*', 'condition': '>', 'value': 2000.0, 'operation': 'alert', 'aliases': '*', 'sort_column': 'UTCDateTime', 'building': 'Watt'}
2019-06-06 14:52:59,711 ERROR:Issue on alert 1 {'type': 'Power', 'message': 'The Media lights are on.', 'database': 'CEVAC_WATT_POWER_LATEST_CACHE', 'column': 'ActualValue', 'num_entries': 1, 'hour': [0, 1, 2, 3, 4, 5, 6, 20, 21, 22, 23], 'day': '*', 'month': [1, 2, 3, 4, 9, 10, 11, 12], 'condition': '>', 'value': '1', 'operation': 'warning', 'aliases': ['Building Media Lights'], 'sort_column': 'UTCDateTime', 'building': 'Watt'}
2019-06-06 14:52:59,711 ERROR:Issue on alert 2 {'type': 'Power', 'message': '1st Floor Lights are on.', 'database': 'CEVAC_WATT_POWER_LATEST_CACHE', 'column': 'ActualValue', 'num_entries': 1, 'hour': [0, 1, 2, 3, 4, 5, 6, 20, 21, 22, 23], 'day': '*', 'month': [1, 2, 3, 4, 9, 10, 11, 12], 'condition': '>', 'value': '1.3', 'operation': 'warning', 'aliases': ['1st Floor Lighting'], 'sort_column': 'UTCDateTime', 'building': 'Watt'}
2019-06-06 14:52:59,711 ERROR:Issue on alert 3 {'type': 'Power', 'message': '2nd Floor Lights are on.', 'database': 'CEVAC_WATT_POWER_LATEST_CACHE', 'column': 'ActualValue', 'num_entries': 1, 'hour': [0, 1, 2, 3, 4, 5, 6, 20, 21, 22, 23], 'day': '*', 'month': [1, 2, 3, 4, 9, 10, 11, 12], 'condition': '>', 'value': '1.15', 'operation': 'warning', 'aliases': ['2nd Floor Lighting'], 'sort_column': 'UTCDateTime', 'building': 'Watt'}
2019-06-06 14:52:59,711 ERROR:Issue on alert 4 {'type': 'Power', 'message': '3rd Floor Lights are on.', 'database': 'CEVAC_WATT_POWER_LATEST_CACHE', 'column': 'ActualValue', 'num_entries': 1, 'hour': [0, 1, 2, 3, 4, 5, 6, 20, 21, 22, 23], 'day': '*', 'month': [1, 2, 3, 4, 9, 10, 11, 12], 'condition': '>', 'value': '1.35', 'operation': 'warning', 'aliases': ['3rd Floor Lighting'], 'sort_column': 'UTCDateTime', 'building': 'Watt'}
2019-06-06 14:52:59,711 ERROR:Issue on alert 5 {'type': 'Power', 'message': '4th Floor Lights are on.', 'database': 'CEVAC_WATT_POWER_LATEST_CACHE', 'column': 'ActualValue', 'num_entries': 1, 'hour': [0, 1, 2, 3, 4, 5, 6, 20, 21, 22, 23], 'day': '*', 'month': [1, 2, 3, 4, 9, 10, 11, 12], 'condition': '>', 'value': '1', 'operation': 'warning', 'aliases': ['4th Floor Lighting'], 'sort_column': 'UTCDateTime', 'building': 'Watt'}
2019-06-06 14:52:59,711 ERROR:Issue on alert 6 {'type': 'Power', 'message': 'Basement Lights are on.', 'database': 'CEVAC_WATT_POWER_LATEST_CACHE', 'column': 'ActualValue', 'num_entries': 1, 'hour': [0, 1, 2, 3, 4, 5, 6, 20, 21, 22, 23], 'day': '*', 'month': [1, 2, 3, 4, 9, 10, 11, 12], 'condition': '>', 'value': '1', 'operation': 'warning', 'aliases': ['Basement Lighting'], 'sort_column': 'UTCDateTime', 'building': 'Watt'}
2019-06-06 14:52:59,715 INFO:Checked {'type': 'Power', 'message': 'The building emergency power > 80 kW', 'database': 'CEVAC_WATT_POWER_LATEST_CACHE', 'column': 'ActualValue', 'num_entries': 1, 'hour': '*', 'day': '*', 'month': '*', 'condition': '>', 'value': 80.0, 'operation': 'alert', 'aliases': ['Building Emergency'], 'sort_column': 'UTCDateTime', 'building': 'Watt'}
2019-06-06 14:52:59,715 ERROR:Issue on alert 8 {'type': 'Power', 'message': 'Building power usage > 300 kW', 'database': 'CEVAC_WATT_POWER_SUMS_CACHE', 'column': 'ActualValue', 'num_entries': 1, 'hour': [0, 1, 2, 3, 4, 5, 6, 20, 21, 22, 23], 'day': '*', 'month': [1, 2, 3, 4, 9, 10, 11, 12], 'condition': '>', 'value': '300', 'operation': 'warning', 'aliases': '*', 'sort_column': 'UTCDateTime', 'building': 'Watt'}
2019-06-06 14:52:59,814 INFO:Checked {'type': 'Temperature', 'message': '<alias> has been above its Cooling SP for more than 30 min', 'database': 'CEVAC_WATT_TEMP_DAY_CACHE', 'column': 'ActualValue', 'num_entries': 2, 'hour': '*', 'day': '*', 'month': '*', 'condition': '>', 'value': '<alias- " Temp"> Cooling SP', 'operation': 'warning', 'aliases': '*', 'sort_column': 'UTCDateTime', 'building': 'Watt'}
2019-06-06 14:52:59,814 INFO:Checked {'type': 'Temperature', 'message': '<alias> has been above its Cooling SP for more than 30 min', 'database': 'CEVAC_WATT_TEMP_DAY_CACHE', 'column': 'ActualValue', 'num_entries': 2, 'hour': '*', 'day': '*', 'month': '*', 'condition': '>', 'value': '<alias- " Temp"> Cooling SP', 'operation': 'warning', 'aliases': '*', 'sort_column': 'UTCDateTime', 'building': 'Watt'}
2019-06-06 14:52:59,814 INFO:Checked {'type': 'Temperature', 'message': '<alias> has been above its Cooling SP for more than 30 min', 'database': 'CEVAC_WATT_TEMP_DAY_CACHE', 'column': 'ActualValue', 'num_entries': 2, 'hour': '*', 'day': '*', 'month': '*', 'condition': '>', 'value': '<alias- " Temp"> Cooling SP', 'operation': 'warning', 'aliases': '*', 'sort_column': 'UTCDateTime', 'building': 'Watt'}
2019-06-06 14:52:59,814 INFO:Checked {'type': 'Temperature', 'message': '<alias> has been above its Cooling SP for more than 30 min', 'database': 'CEVAC_WATT_TEMP_DAY_CACHE', 'column': 'ActualValue', 'num_entries': 2, 'hour': '*', 'day': '*', 'month': '*', 'condition': '>', 'value': '<alias- " Temp"> Cooling SP', 'operation': 'warning', 'aliases': '*', 'sort_column': 'UTCDateTime', 'building': 'Watt'}
2019-06-06 14:52:59,814 INFO:Checked {'type': 'Temperature', 'message': '<alias> has been above its Cooling SP for more than 30 min', 'database': 'CEVAC_WATT_TEMP_DAY_CACHE', 'column': 'ActualValue', 'num_entries': 2, 'hour': '*', 'day': '*', 'month': '*', 'condition': '>', 'value': '<alias- " Temp"> Cooling SP', 'operation': 'warning', 'aliases': '*', 'sort_column': 'UTCDateTime', 'building': 'Watt'}
2019-06-06 14:52:59,814 INFO:Checked {'type': 'Temperature', 'message': '<alias> has been above its Cooling SP for more than 30 min', 'database': 'CEVAC_WATT_TEMP_DAY_CACHE', 'column': 'ActualValue', 'num_entries': 2, 'hour': '*', 'day': '*', 'month': '*', 'condition': '>', 'value': '<alias- " Temp"> Cooling SP', 'operation': 'warning', 'aliases': '*', 'sort_column': 'UTCDateTime', 'building': 'Watt'}
2019-06-06 14:52:59,814 INFO:Checked {'type': 'Temperature', 'message': '<alias> has been above its Cooling SP for more than 30 min', 'database': 'CEVAC_WATT_TEMP_DAY_CACHE', 'column': 'ActualValue', 'num_entries': 2, 'hour': '*', 'day': '*', 'month': '*', 'condition': '>', 'value': '<alias- " Temp"> Cooling SP', 'operation': 'warning', 'aliases': '*', 'sort_column': 'UTCDateTime', 'building': 'Watt'}
2019-06-06 14:52:59,814 INFO:Checked {'type': 'Temperature', 'message': '<alias> has been above its Cooling SP for more than 30 min', 'database': 'CEVAC_WATT_TEMP_DAY_CACHE', 'column': 'ActualValue', 'num_entries': 2, 'hour': '*', 'day': '*', 'month': '*', 'condition': '>', 'value': '<alias- " Temp"> Cooling SP', 'operation': 'warning', 'aliases': '*', 'sort_column': 'UTCDateTime', 'building': 'Watt'}
2019-06-06 14:52:59,814 INFO:Checked {'type': 'Temperature', 'message': '<alias> has been above its Cooling SP for more than 30 min', 'database': 'CEVAC_WATT_TEMP_DAY_CACHE', 'column': 'ActualValue', 'num_entries': 2, 'hour': '*', 'day': '*', 'month': '*', 'condition': '>', 'value': '<alias- " Temp"> Cooling SP', 'operation': 'warning', 'aliases': '*', 'sort_column': 'UTCDateTime', 'building': 'Watt'}
2019-06-06 14:52:59,814 INFO:ISSUE{'type': 'Temperature', 'message': '<alias> has been above its Cooling SP for more than 30 min', 'database': 'CEVAC_WATT_TEMP_DAY_CACHE', 'column': 'ActualValue', 'num_entries': 2, 'hour': '*', 'day': '*', 'month': '*', 'condition': '>', 'value': '<alias- " Temp"> Cooling SP', 'operation': 'warning', 'aliases': '*', 'sort_column': 'UTCDateTime', 'building': 'Watt'}
2019-06-06 14:52:59,814 INFO:An alert was sent for {'type': 'Temperature', 'message': '<alias> has been above its Cooling SP for more than 30 min', 'database': 'CEVAC_WATT_TEMP_DAY_CACHE', 'column': 'ActualValue', 'num_entries': 2, 'hour': '*', 'day': '*', 'month': '*', 'condition': '>', 'value': '<alias- " Temp"> Cooling SP', 'operation': 'warning', 'aliases': '*', 'sort_column': 'UTCDateTime', 'building': 'Watt'}
2019-06-06 14:52:59,814 INFO:Checked {'type': 'Temperature', 'message': '<alias> has been above its Cooling SP for more than 30 min', 'database': 'CEVAC_WATT_TEMP_DAY_CACHE', 'column': 'ActualValue', 'num_entries': 2, 'hour': '*', 'day': '*', 'month': '*', 'condition': '>', 'value': '<alias- " Temp"> Cooling SP', 'operation': 'warning', 'aliases': '*', 'sort_column': 'UTCDateTime', 'building': 'Watt'}
2019-06-06 14:52:59,814 INFO:Checked {'type': 'Temperature', 'message': '<alias> has been above its Cooling SP for more than 30 min', 'database': 'CEVAC_WATT_TEMP_DAY_CACHE', 'column': 'ActualValue', 'num_entries': 2, 'hour': '*', 'day': '*', 'month': '*', 'condition': '>', 'value': '<alias- " Temp"> Cooling SP', 'operation': 'warning', 'aliases': '*', 'sort_column': 'UTCDateTime', 'building': 'Watt'}
2019-06-06 14:52:59,814 INFO:Checked {'type': 'Temperature', 'message': '<alias> has been above its Cooling SP for more than 30 min', 'database': 'CEVAC_WATT_TEMP_DAY_CACHE', 'column': 'ActualValue', 'num_entries': 2, 'hour': '*', 'day': '*', 'month': '*', 'condition': '>', 'value': '<alias- " Temp"> Cooling SP', 'operation': 'warning', 'aliases': '*', 'sort_column': 'UTCDateTime', 'building': 'Watt'}
2019-06-06 14:52:59,814 INFO:Checked {'type': 'Temperature', 'message': '<alias> has been above its Cooling SP for more than 30 min', 'database': 'CEVAC_WATT_TEMP_DAY_CACHE', 'column': 'ActualValue', 'num_entries': 2, 'hour': '*', 'day': '*', 'month': '*', 'condition': '>', 'value': '<alias- " Temp"> Cooling SP', 'operation': 'warning', 'aliases': '*', 'sort_column': 'UTCDateTime', 'building': 'Watt'}
2019-06-06 14:52:59,815 INFO:Checked {'type': 'Temperature', 'message': '<alias> has been above its Cooling SP for more than 30 min', 'database': 'CEVAC_WATT_TEMP_DAY_CACHE', 'column': 'ActualValue', 'num_entries': 2, 'hour': '*', 'day': '*', 'month': '*', 'condition': '>', 'value': '<alias- " Temp"> Cooling SP', 'operation': 'warning', 'aliases': '*', 'sort_column': 'UTCDateTime', 'building': 'Watt'}
2019-06-06 14:52:59,815 INFO:ISSUE{'type': 'Temperature', 'message': '<alias> has been above its Cooling SP for more than 30 min', 'database': 'CEVAC_WATT_TEMP_DAY_CACHE', 'column': 'ActualValue', 'num_entries': 2, 'hour': '*', 'day': '*', 'month': '*', 'condition': '>', 'value': '<alias- " Temp"> Cooling SP', 'operation': 'warning', 'aliases': '*', 'sort_column': 'UTCDateTime', 'building': 'Watt'}
2019-06-06 14:52:59,815 INFO:An alert was sent for {'type': 'Temperature', 'message': '<alias> has been above its Cooling SP for more than 30 min', 'database': 'CEVAC_WATT_TEMP_DAY_CACHE', 'column': 'ActualValue', 'num_entries': 2, 'hour': '*', 'day': '*', 'month': '*', 'condition': '>', 'value': '<alias- " Temp"> Cooling SP', 'operation': 'warning', 'aliases': '*', 'sort_column': 'UTCDateTime', 'building': 'Watt'}
2019-06-06 14:52:59,815 INFO:Checked {'type': 'Temperature', 'message': '<alias> has been above its Cooling SP for more than 30 min', 'database': 'CEVAC_WATT_TEMP_DAY_CACHE', 'column': 'ActualValue', 'num_entries': 2, 'hour': '*', 'day': '*', 'month': '*', 'condition': '>', 'value': '<alias- " Temp"> Cooling SP', 'operation': 'warning', 'aliases': '*', 'sort_column': 'UTCDateTime', 'building': 'Watt'}
2019-06-06 14:52:59,815 INFO:Checked {'type': 'Temperature', 'message': '<alias> has been above its Cooling SP for more than 30 min', 'database': 'CEVAC_WATT_TEMP_DAY_CACHE', 'column': 'ActualValue', 'num_entries': 2, 'hour': '*', 'day': '*', 'month': '*', 'condition': '>', 'value': '<alias- " Temp"> Cooling SP', 'operation': 'warning', 'aliases': '*', 'sort_column': 'UTCDateTime', 'building': 'Watt'}
2019-06-06 14:52:59,815 INFO:Checked {'type': 'Temperature', 'message': '<alias> has been above its Cooling SP for more than 30 min', 'database': 'CEVAC_WATT_TEMP_DAY_CACHE', 'column': 'ActualValue', 'num_entries': 2, 'hour': '*', 'day': '*', 'month': '*', 'condition': '>', 'value': '<alias- " Temp"> Cooling SP', 'operation': 'warning', 'aliases': '*', 'sort_column': 'UTCDateTime', 'building': 'Watt'}
2019-06-06 14:52:59,815 INFO:Checked {'type': 'Temperature', 'message': '<alias> has been above its Cooling SP for more than 30 min', 'database': 'CEVAC_WATT_TEMP_DAY_CACHE', 'column': 'ActualValue', 'num_entries': 2, 'hour': '*', 'day': '*', 'month': '*', 'condition': '>', 'value': '<alias- " Temp"> Cooling SP', 'operation': 'warning', 'aliases': '*', 'sort_column': 'UTCDateTime', 'building': 'Watt'}
2019-06-06 14:52:59,815 INFO:ISSUE{'type': 'Temperature', 'message': '<alias> has been above its Cooling SP for more than 30 min', 'database': 'CEVAC_WATT_TEMP_DAY_CACHE', 'column': 'ActualValue', 'num_entries': 2, 'hour': '*', 'day': '*', 'month': '*', 'condition': '>', 'value': '<alias- " Temp"> Cooling SP', 'operation': 'warning', 'aliases': '*', 'sort_column': 'UTCDateTime', 'building': 'Watt'}
2019-06-06 14:52:59,815 INFO:An alert was sent for {'type': 'Temperature', 'message': '<alias> has been above its Cooling SP for more than 30 min', 'database': 'CEVAC_WATT_TEMP_DAY_CACHE', 'column': 'ActualValue', 'num_entries': 2, 'hour': '*', 'day': '*', 'month': '*', 'condition': '>', 'value': '<alias- " Temp"> Cooling SP', 'operation': 'warning', 'aliases': '*', 'sort_column': 'UTCDateTime', 'building': 'Watt'}
2019-06-06 14:52:59,815 INFO:Checked {'type': 'Temperature', 'message': '<alias> has been above its Cooling SP for more than 30 min', 'database': 'CEVAC_WATT_TEMP_DAY_CACHE', 'column': 'ActualValue', 'num_entries': 2, 'hour': '*', 'day': '*', 'month': '*', 'condition': '>', 'value': '<alias- " Temp"> Cooling SP', 'operation': 'warning', 'aliases': '*', 'sort_column': 'UTCDateTime', 'building': 'Watt'}
2019-06-06 14:52:59,815 INFO:Checked {'type': 'Temperature', 'message': '<alias> has been above its Cooling SP for more than 30 min', 'database': 'CEVAC_WATT_TEMP_DAY_CACHE', 'column': 'ActualValue', 'num_entries': 2, 'hour': '*', 'day': '*', 'month': '*', 'condition': '>', 'value': '<alias- " Temp"> Cooling SP', 'operation': 'warning', 'aliases': '*', 'sort_column': 'UTCDateTime', 'building': 'Watt'}
2019-06-06 14:52:59,815 INFO:Checked {'type': 'Temperature', 'message': '<alias> has been above its Cooling SP for more than 30 min', 'database': 'CEVAC_WATT_TEMP_DAY_CACHE', 'column': 'ActualValue', 'num_entries': 2, 'hour': '*', 'day': '*', 'month': '*', 'condition': '>', 'value': '<alias- " Temp"> Cooling SP', 'operation': 'warning', 'aliases': '*', 'sort_column': 'UTCDateTime', 'building': 'Watt'}
2019-06-06 14:52:59,815 INFO:Checked {'type': 'Temperature', 'message': '<alias> has been above its Cooling SP for more than 30 min', 'database': 'CEVAC_WATT_TEMP_DAY_CACHE', 'column': 'ActualValue', 'num_entries': 2, 'hour': '*', 'day': '*', 'month': '*', 'condition': '>', 'value': '<alias- " Temp"> Cooling SP', 'operation': 'warning', 'aliases': '*', 'sort_column': 'UTCDateTime', 'building': 'Watt'}
2019-06-06 14:52:59,815 INFO:Checked {'type': 'Temperature', 'message': '<alias> has been above its Cooling SP for more than 30 min', 'database': 'CEVAC_WATT_TEMP_DAY_CACHE', 'column': 'ActualValue', 'num_entries': 2, 'hour': '*', 'day': '*', 'month': '*', 'condition': '>', 'value': '<alias- " Temp"> Cooling SP', 'operation': 'warning', 'aliases': '*', 'sort_column': 'UTCDateTime', 'building': 'Watt'}
2019-06-06 14:52:59,815 INFO:Checked {'type': 'Temperature', 'message': '<alias> has been above its Cooling SP for more than 30 min', 'database': 'CEVAC_WATT_TEMP_DAY_CACHE', 'column': 'ActualValue', 'num_entries': 2, 'hour': '*', 'day': '*', 'month': '*', 'condition': '>', 'value': '<alias- " Temp"> Cooling SP', 'operation': 'warning', 'aliases': '*', 'sort_column': 'UTCDateTime', 'building': 'Watt'}
2019-06-06 14:52:59,815 INFO:Checked {'type': 'Temperature', 'message': '<alias> has been above its Cooling SP for more than 30 min', 'database': 'CEVAC_WATT_TEMP_DAY_CACHE', 'column': 'ActualValue', 'num_entries': 2, 'hour': '*', 'day': '*', 'month': '*', 'condition': '>', 'value': '<alias- " Temp"> Cooling SP', 'operation': 'warning', 'aliases': '*', 'sort_column': 'UTCDateTime', 'building': 'Watt'}
2019-06-06 14:52:59,816 INFO:Checked {'type': 'Temperature', 'message': '<alias> has been above its Cooling SP for more than 30 min', 'database': 'CEVAC_WATT_TEMP_DAY_CACHE', 'column': 'ActualValue', 'num_entries': 2, 'hour': '*', 'day': '*', 'month': '*', 'condition': '>', 'value': '<alias- " Temp"> Cooling SP', 'operation': 'warning', 'aliases': '*', 'sort_column': 'UTCDateTime', 'building': 'Watt'}
2019-06-06 14:52:59,816 INFO:Checked {'type': 'Temperature', 'message': '<alias> has been above its Cooling SP for more than 30 min', 'database': 'CEVAC_WATT_TEMP_DAY_CACHE', 'column': 'ActualValue', 'num_entries': 2, 'hour': '*', 'day': '*', 'month': '*', 'condition': '>', 'value': '<alias- " Temp"> Cooling SP', 'operation': 'warning', 'aliases': '*', 'sort_column': 'UTCDateTime', 'building': 'Watt'}
2019-06-06 14:52:59,816 INFO:Checked {'type': 'Temperature', 'message': '<alias> has been above its Cooling SP for more than 30 min', 'database': 'CEVAC_WATT_TEMP_DAY_CACHE', 'column': 'ActualValue', 'num_entries': 2, 'hour': '*', 'day': '*', 'month': '*', 'condition': '>', 'value': '<alias- " Temp"> Cooling SP', 'operation': 'warning', 'aliases': '*', 'sort_column': 'UTCDateTime', 'building': 'Watt'}
2019-06-06 14:52:59,816 INFO:Checked {'type': 'Temperature', 'message': '<alias> has been above its Cooling SP for more than 30 min', 'database': 'CEVAC_WATT_TEMP_DAY_CACHE', 'column': 'ActualValue', 'num_entries': 2, 'hour': '*', 'day': '*', 'month': '*', 'condition': '>', 'value': '<alias- " Temp"> Cooling SP', 'operation': 'warning', 'aliases': '*', 'sort_column': 'UTCDateTime', 'building': 'Watt'}
2019-06-06 14:52:59,816 INFO:Checked {'type': 'Temperature', 'message': '<alias> has been above its Cooling SP for more than 30 min', 'database': 'CEVAC_WATT_TEMP_DAY_CACHE', 'column': 'ActualValue', 'num_entries': 2, 'hour': '*', 'day': '*', 'month': '*', 'condition': '>', 'value': '<alias- " Temp"> Cooling SP', 'operation': 'warning', 'aliases': '*', 'sort_column': 'UTCDateTime', 'building': 'Watt'}
2019-06-06 14:52:59,816 ERROR:Issue on alert 9 {'type': 'Temperature', 'message': '<alias> has been above its Cooling SP for more than 30 min', 'database': 'CEVAC_WATT_TEMP_DAY_CACHE', 'column': 'ActualValue', 'num_entries': 2, 'hour': '*', 'day': '*', 'month': '*', 'condition': '>', 'value': '<alias- " Temp"> Cooling SP', 'operation': 'warning', 'aliases': '*', 'sort_column': 'UTCDateTime', 'building': 'Watt'}
2019-06-06 14:52:59,914 INFO:Checked {'type': 'Temperature', 'message': '<alias> has been more than 3 degrees above its Cooling SP for more than 30 min', 'database': 'CEVAC_WATT_TEMP_DAY_CACHE', 'column': 'ActualValue', 'num_entries': 2, 'hour': '*', 'day': '*', 'month': '*', 'condition': '>', 'value': '<alias- " Temp"> Cooling SP+3', 'operation': 'alert', 'aliases': '*', 'sort_column': 'UTCDateTime', 'building': 'Watt'}
2019-06-06 14:52:59,914 INFO:Checked {'type': 'Temperature', 'message': '<alias> has been more than 3 degrees above its Cooling SP for more than 30 min', 'database': 'CEVAC_WATT_TEMP_DAY_CACHE', 'column': 'ActualValue', 'num_entries': 2, 'hour': '*', 'day': '*', 'month': '*', 'condition': '>', 'value': '<alias- " Temp"> Cooling SP+3', 'operation': 'alert', 'aliases': '*', 'sort_column': 'UTCDateTime', 'building': 'Watt'}
2019-06-06 14:52:59,915 INFO:Checked {'type': 'Temperature', 'message': '<alias> has been more than 3 degrees above its Cooling SP for more than 30 min', 'database': 'CEVAC_WATT_TEMP_DAY_CACHE', 'column': 'ActualValue', 'num_entries': 2, 'hour': '*', 'day': '*', 'month': '*', 'condition': '>', 'value': '<alias- " Temp"> Cooling SP+3', 'operation': 'alert', 'aliases': '*', 'sort_column': 'UTCDateTime', 'building': 'Watt'}
2019-06-06 14:52:59,915 INFO:Checked {'type': 'Temperature', 'message': '<alias> has been more than 3 degrees above its Cooling SP for more than 30 min', 'database': 'CEVAC_WATT_TEMP_DAY_CACHE', 'column': 'ActualValue', 'num_entries': 2, 'hour': '*', 'day': '*', 'month': '*', 'condition': '>', 'value': '<alias- " Temp"> Cooling SP+3', 'operation': 'alert', 'aliases': '*', 'sort_column': 'UTCDateTime', 'building': 'Watt'}
2019-06-06 14:52:59,915 INFO:Checked {'type': 'Temperature', 'message': '<alias> has been more than 3 degrees above its Cooling SP for more than 30 min', 'database': 'CEVAC_WATT_TEMP_DAY_CACHE', 'column': 'ActualValue', 'num_entries': 2, 'hour': '*', 'day': '*', 'month': '*', 'condition': '>', 'value': '<alias- " Temp"> Cooling SP+3', 'operation': 'alert', 'aliases': '*', 'sort_column': 'UTCDateTime', 'building': 'Watt'}
2019-06-06 14:52:59,915 INFO:Checked {'type': 'Temperature', 'message': '<alias> has been more than 3 degrees above its Cooling SP for more than 30 min', 'database': 'CEVAC_WATT_TEMP_DAY_CACHE', 'column': 'ActualValue', 'num_entries': 2, 'hour': '*', 'day': '*', 'month': '*', 'condition': '>', 'value': '<alias- " Temp"> Cooling SP+3', 'operation': 'alert', 'aliases': '*', 'sort_column': 'UTCDateTime', 'building': 'Watt'}
2019-06-06 14:52:59,915 INFO:Checked {'type': 'Temperature', 'message': '<alias> has been more than 3 degrees above its Cooling SP for more than 30 min', 'database': 'CEVAC_WATT_TEMP_DAY_CACHE', 'column': 'ActualValue', 'num_entries': 2, 'hour': '*', 'day': '*', 'month': '*', 'condition': '>', 'value': '<alias- " Temp"> Cooling SP+3', 'operation': 'alert', 'aliases': '*', 'sort_column': 'UTCDateTime', 'building': 'Watt'}
2019-06-06 14:52:59,915 INFO:Checked {'type': 'Temperature', 'message': '<alias> has been more than 3 degrees above its Cooling SP for more than 30 min', 'database': 'CEVAC_WATT_TEMP_DAY_CACHE', 'column': 'ActualValue', 'num_entries': 2, 'hour': '*', 'day': '*', 'month': '*', 'condition': '>', 'value': '<alias- " Temp"> Cooling SP+3', 'operation': 'alert', 'aliases': '*', 'sort_column': 'UTCDateTime', 'building': 'Watt'}
2019-06-06 14:52:59,915 INFO:Checked {'type': 'Temperature', 'message': '<alias> has been more than 3 degrees above its Cooling SP for more than 30 min', 'database': 'CEVAC_WATT_TEMP_DAY_CACHE', 'column': 'ActualValue', 'num_entries': 2, 'hour': '*', 'day': '*', 'month': '*', 'condition': '>', 'value': '<alias- " Temp"> Cooling SP+3', 'operation': 'alert', 'aliases': '*', 'sort_column': 'UTCDateTime', 'building': 'Watt'}
2019-06-06 14:52:59,915 INFO:ISSUE{'type': 'Temperature', 'message': '<alias> has been more than 3 degrees above its Cooling SP for more than 30 min', 'database': 'CEVAC_WATT_TEMP_DAY_CACHE', 'column': 'ActualValue', 'num_entries': 2, 'hour': '*', 'day': '*', 'month': '*', 'condition': '>', 'value': '<alias- " Temp"> Cooling SP+3', 'operation': 'alert', 'aliases': '*', 'sort_column': 'UTCDateTime', 'building': 'Watt'}
2019-06-06 14:52:59,915 INFO:An alert was sent for {'type': 'Temperature', 'message': '<alias> has been more than 3 degrees above its Cooling SP for more than 30 min', 'database': 'CEVAC_WATT_TEMP_DAY_CACHE', 'column': 'ActualValue', 'num_entries': 2, 'hour': '*', 'day': '*', 'month': '*', 'condition': '>', 'value': '<alias- " Temp"> Cooling SP+3', 'operation': 'alert', 'aliases': '*', 'sort_column': 'UTCDateTime', 'building': 'Watt'}
2019-06-06 14:52:59,915 INFO:Checked {'type': 'Temperature', 'message': '<alias> has been more than 3 degrees above its Cooling SP for more than 30 min', 'database': 'CEVAC_WATT_TEMP_DAY_CACHE', 'column': 'ActualValue', 'num_entries': 2, 'hour': '*', 'day': '*', 'month': '*', 'condition': '>', 'value': '<alias- " Temp"> Cooling SP+3', 'operation': 'alert', 'aliases': '*', 'sort_column': 'UTCDateTime', 'building': 'Watt'}
2019-06-06 14:52:59,915 INFO:Checked {'type': 'Temperature', 'message': '<alias> has been more than 3 degrees above its Cooling SP for more than 30 min', 'database': 'CEVAC_WATT_TEMP_DAY_CACHE', 'column': 'ActualValue', 'num_entries': 2, 'hour': '*', 'day': '*', 'month': '*', 'condition': '>', 'value': '<alias- " Temp"> Cooling SP+3', 'operation': 'alert', 'aliases': '*', 'sort_column': 'UTCDateTime', 'building': 'Watt'}
2019-06-06 14:52:59,915 INFO:Checked {'type': 'Temperature', 'message': '<alias> has been more than 3 degrees above its Cooling SP for more than 30 min', 'database': 'CEVAC_WATT_TEMP_DAY_CACHE', 'column': 'ActualValue', 'num_entries': 2, 'hour': '*', 'day': '*', 'month': '*', 'condition': '>', 'value': '<alias- " Temp"> Cooling SP+3', 'operation': 'alert', 'aliases': '*', 'sort_column': 'UTCDateTime', 'building': 'Watt'}
2019-06-06 14:52:59,915 INFO:Checked {'type': 'Temperature', 'message': '<alias> has been more than 3 degrees above its Cooling SP for more than 30 min', 'database': 'CEVAC_WATT_TEMP_DAY_CACHE', 'column': 'ActualValue', 'num_entries': 2, 'hour': '*', 'day': '*', 'month': '*', 'condition': '>', 'value': '<alias- " Temp"> Cooling SP+3', 'operation': 'alert', 'aliases': '*', 'sort_column': 'UTCDateTime', 'building': 'Watt'}
2019-06-06 14:52:59,915 INFO:Checked {'type': 'Temperature', 'message': '<alias> has been more than 3 degrees above its Cooling SP for more than 30 min', 'database': 'CEVAC_WATT_TEMP_DAY_CACHE', 'column': 'ActualValue', 'num_entries': 2, 'hour': '*', 'day': '*', 'month': '*', 'condition': '>', 'value': '<alias- " Temp"> Cooling SP+3', 'operation': 'alert', 'aliases': '*', 'sort_column': 'UTCDateTime', 'building': 'Watt'}
2019-06-06 14:52:59,915 INFO:Checked {'type': 'Temperature', 'message': '<alias> has been more than 3 degrees above its Cooling SP for more than 30 min', 'database': 'CEVAC_WATT_TEMP_DAY_CACHE', 'column': 'ActualValue', 'num_entries': 2, 'hour': '*', 'day': '*', 'month': '*', 'condition': '>', 'value': '<alias- " Temp"> Cooling SP+3', 'operation': 'alert', 'aliases': '*', 'sort_column': 'UTCDateTime', 'building': 'Watt'}
2019-06-06 14:52:59,916 INFO:Checked {'type': 'Temperature', 'message': '<alias> has been more than 3 degrees above its Cooling SP for more than 30 min', 'database': 'CEVAC_WATT_TEMP_DAY_CACHE', 'column': 'ActualValue', 'num_entries': 2, 'hour': '*', 'day': '*', 'month': '*', 'condition': '>', 'value': '<alias- " Temp"> Cooling SP+3', 'operation': 'alert', 'aliases': '*', 'sort_column': 'UTCDateTime', 'building': 'Watt'}
2019-06-06 14:52:59,916 INFO:Checked {'type': 'Temperature', 'message': '<alias> has been more than 3 degrees above its Cooling SP for more than 30 min', 'database': 'CEVAC_WATT_TEMP_DAY_CACHE', 'column': 'ActualValue', 'num_entries': 2, 'hour': '*', 'day': '*', 'month': '*', 'condition': '>', 'value': '<alias- " Temp"> Cooling SP+3', 'operation': 'alert', 'aliases': '*', 'sort_column': 'UTCDateTime', 'building': 'Watt'}
2019-06-06 14:52:59,916 INFO:Checked {'type': 'Temperature', 'message': '<alias> has been more than 3 degrees above its Cooling SP for more than 30 min', 'database': 'CEVAC_WATT_TEMP_DAY_CACHE', 'column': 'ActualValue', 'num_entries': 2, 'hour': '*', 'day': '*', 'month': '*', 'condition': '>', 'value': '<alias- " Temp"> Cooling SP+3', 'operation': 'alert', 'aliases': '*', 'sort_column': 'UTCDateTime', 'building': 'Watt'}
2019-06-06 14:52:59,916 INFO:Checked {'type': 'Temperature', 'message': '<alias> has been more than 3 degrees above its Cooling SP for more than 30 min', 'database': 'CEVAC_WATT_TEMP_DAY_CACHE', 'column': 'ActualValue', 'num_entries': 2, 'hour': '*', 'day': '*', 'month': '*', 'condition': '>', 'value': '<alias- " Temp"> Cooling SP+3', 'operation': 'alert', 'aliases': '*', 'sort_column': 'UTCDateTime', 'building': 'Watt'}
2019-06-06 14:52:59,916 INFO:Checked {'type': 'Temperature', 'message': '<alias> has been more than 3 degrees above its Cooling SP for more than 30 min', 'database': 'CEVAC_WATT_TEMP_DAY_CACHE', 'column': 'ActualValue', 'num_entries': 2, 'hour': '*', 'day': '*', 'month': '*', 'condition': '>', 'value': '<alias- " Temp"> Cooling SP+3', 'operation': 'alert', 'aliases': '*', 'sort_column': 'UTCDateTime', 'building': 'Watt'}
2019-06-06 14:52:59,916 INFO:Checked {'type': 'Temperature', 'message': '<alias> has been more than 3 degrees above its Cooling SP for more than 30 min', 'database': 'CEVAC_WATT_TEMP_DAY_CACHE', 'column': 'ActualValue', 'num_entries': 2, 'hour': '*', 'day': '*', 'month': '*', 'condition': '>', 'value': '<alias- " Temp"> Cooling SP+3', 'operation': 'alert', 'aliases': '*', 'sort_column': 'UTCDateTime', 'building': 'Watt'}
2019-06-06 14:52:59,916 INFO:Checked {'type': 'Temperature', 'message': '<alias> has been more than 3 degrees above its Cooling SP for more than 30 min', 'database': 'CEVAC_WATT_TEMP_DAY_CACHE', 'column': 'ActualValue', 'num_entries': 2, 'hour': '*', 'day': '*', 'month': '*', 'condition': '>', 'value': '<alias- " Temp"> Cooling SP+3', 'operation': 'alert', 'aliases': '*', 'sort_column': 'UTCDateTime', 'building': 'Watt'}
2019-06-06 14:52:59,916 INFO:Checked {'type': 'Temperature', 'message': '<alias> has been more than 3 degrees above its Cooling SP for more than 30 min', 'database': 'CEVAC_WATT_TEMP_DAY_CACHE', 'column': 'ActualValue', 'num_entries': 2, 'hour': '*', 'day': '*', 'month': '*', 'condition': '>', 'value': '<alias- " Temp"> Cooling SP+3', 'operation': 'alert', 'aliases': '*', 'sort_column': 'UTCDateTime', 'building': 'Watt'}
2019-06-06 14:52:59,916 INFO:Checked {'type': 'Temperature', 'message': '<alias> has been more than 3 degrees above its Cooling SP for more than 30 min', 'database': 'CEVAC_WATT_TEMP_DAY_CACHE', 'column': 'ActualValue', 'num_entries': 2, 'hour': '*', 'day': '*', 'month': '*', 'condition': '>', 'value': '<alias- " Temp"> Cooling SP+3', 'operation': 'alert', 'aliases': '*', 'sort_column': 'UTCDateTime', 'building': 'Watt'}
2019-06-06 14:52:59,916 INFO:Checked {'type': 'Temperature', 'message': '<alias> has been more than 3 degrees above its Cooling SP for more than 30 min', 'database': 'CEVAC_WATT_TEMP_DAY_CACHE', 'column': 'ActualValue', 'num_entries': 2, 'hour': '*', 'day': '*', 'month': '*', 'condition': '>', 'value': '<alias- " Temp"> Cooling SP+3', 'operation': 'alert', 'aliases': '*', 'sort_column': 'UTCDateTime', 'building': 'Watt'}
2019-06-06 14:52:59,916 INFO:Checked {'type': 'Temperature', 'message': '<alias> has been more than 3 degrees above its Cooling SP for more than 30 min', 'database': 'CEVAC_WATT_TEMP_DAY_CACHE', 'column': 'ActualValue', 'num_entries': 2, 'hour': '*', 'day': '*', 'month': '*', 'condition': '>', 'value': '<alias- " Temp"> Cooling SP+3', 'operation': 'alert', 'aliases': '*', 'sort_column': 'UTCDateTime', 'building': 'Watt'}
2019-06-06 14:52:59,916 INFO:Checked {'type': 'Temperature', 'message': '<alias> has been more than 3 degrees above its Cooling SP for more than 30 min', 'database': 'CEVAC_WATT_TEMP_DAY_CACHE', 'column': 'ActualValue', 'num_entries': 2, 'hour': '*', 'day': '*', 'month': '*', 'condition': '>', 'value': '<alias- " Temp"> Cooling SP+3', 'operation': 'alert', 'aliases': '*', 'sort_column': 'UTCDateTime', 'building': 'Watt'}
2019-06-06 14:52:59,916 INFO:Checked {'type': 'Temperature', 'message': '<alias> has been more than 3 degrees above its Cooling SP for more than 30 min', 'database': 'CEVAC_WATT_TEMP_DAY_CACHE', 'column': 'ActualValue', 'num_entries': 2, 'hour': '*', 'day': '*', 'month': '*', 'condition': '>', 'value': '<alias- " Temp"> Cooling SP+3', 'operation': 'alert', 'aliases': '*', 'sort_column': 'UTCDateTime', 'building': 'Watt'}
2019-06-06 14:52:59,916 INFO:Checked {'type': 'Temperature', 'message': '<alias> has been more than 3 degrees above its Cooling SP for more than 30 min', 'database': 'CEVAC_WATT_TEMP_DAY_CACHE', 'column': 'ActualValue', 'num_entries': 2, 'hour': '*', 'day': '*', 'month': '*', 'condition': '>', 'value': '<alias- " Temp"> Cooling SP+3', 'operation': 'alert', 'aliases': '*', 'sort_column': 'UTCDateTime', 'building': 'Watt'}
2019-06-06 14:52:59,916 INFO:Checked {'type': 'Temperature', 'message': '<alias> has been more than 3 degrees above its Cooling SP for more than 30 min', 'database': 'CEVAC_WATT_TEMP_DAY_CACHE', 'column': 'ActualValue', 'num_entries': 2, 'hour': '*', 'day': '*', 'month': '*', 'condition': '>', 'value': '<alias- " Temp"> Cooling SP+3', 'operation': 'alert', 'aliases': '*', 'sort_column': 'UTCDateTime', 'building': 'Watt'}
2019-06-06 14:52:59,916 ERROR:Issue on alert 10 {'type': 'Temperature', 'message': '<alias> has been more than 3 degrees above its Cooling SP for more than 30 min', 'database': 'CEVAC_WATT_TEMP_DAY_CACHE', 'column': 'ActualValue', 'num_entries': 2, 'hour': '*', 'day': '*', 'month': '*', 'condition': '>', 'value': '<alias- " Temp"> Cooling SP+3', 'operation': 'alert', 'aliases': '*', 'sort_column': 'UTCDateTime', 'building': 'Watt'}
2019-06-06 14:53:00,016 INFO:Checked {'type': 'Temperature', 'message': '<alias> has been below is Heating SP for more than 30 min', 'database': 'CEVAC_WATT_TEMP_DAY_CACHE', 'column': 'ActualValue', 'num_entries': 2, 'hour': '*', 'day': '*', 'month': '*', 'condition': '<', 'value': '<alias- " Temp"> Heating SP', 'operation': 'warning', 'aliases': '*', 'sort_column': 'UTCDateTime', 'building': 'Watt'}
2019-06-06 14:53:00,017 INFO:Checked {'type': 'Temperature', 'message': '<alias> has been below is Heating SP for more than 30 min', 'database': 'CEVAC_WATT_TEMP_DAY_CACHE', 'column': 'ActualValue', 'num_entries': 2, 'hour': '*', 'day': '*', 'month': '*', 'condition': '<', 'value': '<alias- " Temp"> Heating SP', 'operation': 'warning', 'aliases': '*', 'sort_column': 'UTCDateTime', 'building': 'Watt'}
2019-06-06 14:53:00,017 INFO:Checked {'type': 'Temperature', 'message': '<alias> has been below is Heating SP for more than 30 min', 'database': 'CEVAC_WATT_TEMP_DAY_CACHE', 'column': 'ActualValue', 'num_entries': 2, 'hour': '*', 'day': '*', 'month': '*', 'condition': '<', 'value': '<alias- " Temp"> Heating SP', 'operation': 'warning', 'aliases': '*', 'sort_column': 'UTCDateTime', 'building': 'Watt'}
2019-06-06 14:53:00,017 INFO:Checked {'type': 'Temperature', 'message': '<alias> has been below is Heating SP for more than 30 min', 'database': 'CEVAC_WATT_TEMP_DAY_CACHE', 'column': 'ActualValue', 'num_entries': 2, 'hour': '*', 'day': '*', 'month': '*', 'condition': '<', 'value': '<alias- " Temp"> Heating SP', 'operation': 'warning', 'aliases': '*', 'sort_column': 'UTCDateTime', 'building': 'Watt'}
2019-06-06 14:53:00,017 INFO:Checked {'type': 'Temperature', 'message': '<alias> has been below is Heating SP for more than 30 min', 'database': 'CEVAC_WATT_TEMP_DAY_CACHE', 'column': 'ActualValue', 'num_entries': 2, 'hour': '*', 'day': '*', 'month': '*', 'condition': '<', 'value': '<alias- " Temp"> Heating SP', 'operation': 'warning', 'aliases': '*', 'sort_column': 'UTCDateTime', 'building': 'Watt'}
2019-06-06 14:53:00,017 INFO:Checked {'type': 'Temperature', 'message': '<alias> has been below is Heating SP for more than 30 min', 'database': 'CEVAC_WATT_TEMP_DAY_CACHE', 'column': 'ActualValue', 'num_entries': 2, 'hour': '*', 'day': '*', 'month': '*', 'condition': '<', 'value': '<alias- " Temp"> Heating SP', 'operation': 'warning', 'aliases': '*', 'sort_column': 'UTCDateTime', 'building': 'Watt'}
2019-06-06 14:53:00,017 INFO:Checked {'type': 'Temperature', 'message': '<alias> has been below is Heating SP for more than 30 min', 'database': 'CEVAC_WATT_TEMP_DAY_CACHE', 'column': 'ActualValue', 'num_entries': 2, 'hour': '*', 'day': '*', 'month': '*', 'condition': '<', 'value': '<alias- " Temp"> Heating SP', 'operation': 'warning', 'aliases': '*', 'sort_column': 'UTCDateTime', 'building': 'Watt'}
2019-06-06 14:53:00,017 INFO:Checked {'type': 'Temperature', 'message': '<alias> has been below is Heating SP for more than 30 min', 'database': 'CEVAC_WATT_TEMP_DAY_CACHE', 'column': 'ActualValue', 'num_entries': 2, 'hour': '*', 'day': '*', 'month': '*', 'condition': '<', 'value': '<alias- " Temp"> Heating SP', 'operation': 'warning', 'aliases': '*', 'sort_column': 'UTCDateTime', 'building': 'Watt'}
2019-06-06 14:53:00,017 INFO:Checked {'type': 'Temperature', 'message': '<alias> has been below is Heating SP for more than 30 min', 'database': 'CEVAC_WATT_TEMP_DAY_CACHE', 'column': 'ActualValue', 'num_entries': 2, 'hour': '*', 'day': '*', 'month': '*', 'condition': '<', 'value': '<alias- " Temp"> Heating SP', 'operation': 'warning', 'aliases': '*', 'sort_column': 'UTCDateTime', 'building': 'Watt'}
2019-06-06 14:53:00,017 INFO:Checked {'type': 'Temperature', 'message': '<alias> has been below is Heating SP for more than 30 min', 'database': 'CEVAC_WATT_TEMP_DAY_CACHE', 'column': 'ActualValue', 'num_entries': 2, 'hour': '*', 'day': '*', 'month': '*', 'condition': '<', 'value': '<alias- " Temp"> Heating SP', 'operation': 'warning', 'aliases': '*', 'sort_column': 'UTCDateTime', 'building': 'Watt'}
2019-06-06 14:53:00,017 INFO:Checked {'type': 'Temperature', 'message': '<alias> has been below is Heating SP for more than 30 min', 'database': 'CEVAC_WATT_TEMP_DAY_CACHE', 'column': 'ActualValue', 'num_entries': 2, 'hour': '*', 'day': '*', 'month': '*', 'condition': '<', 'value': '<alias- " Temp"> Heating SP', 'operation': 'warning', 'aliases': '*', 'sort_column': 'UTCDateTime', 'building': 'Watt'}
2019-06-06 14:53:00,017 INFO:Checked {'type': 'Temperature', 'message': '<alias> has been below is Heating SP for more than 30 min', 'database': 'CEVAC_WATT_TEMP_DAY_CACHE', 'column': 'ActualValue', 'num_entries': 2, 'hour': '*', 'day': '*', 'month': '*', 'condition': '<', 'value': '<alias- " Temp"> Heating SP', 'operation': 'warning', 'aliases': '*', 'sort_column': 'UTCDateTime', 'building': 'Watt'}
2019-06-06 14:53:00,017 INFO:Checked {'type': 'Temperature', 'message': '<alias> has been below is Heating SP for more than 30 min', 'database': 'CEVAC_WATT_TEMP_DAY_CACHE', 'column': 'ActualValue', 'num_entries': 2, 'hour': '*', 'day': '*', 'month': '*', 'condition': '<', 'value': '<alias- " Temp"> Heating SP', 'operation': 'warning', 'aliases': '*', 'sort_column': 'UTCDateTime', 'building': 'Watt'}
2019-06-06 14:53:00,017 INFO:Checked {'type': 'Temperature', 'message': '<alias> has been below is Heating SP for more than 30 min', 'database': 'CEVAC_WATT_TEMP_DAY_CACHE', 'column': 'ActualValue', 'num_entries': 2, 'hour': '*', 'day': '*', 'month': '*', 'condition': '<', 'value': '<alias- " Temp"> Heating SP', 'operation': 'warning', 'aliases': '*', 'sort_column': 'UTCDateTime', 'building': 'Watt'}
2019-06-06 14:53:00,017 INFO:Checked {'type': 'Temperature', 'message': '<alias> has been below is Heating SP for more than 30 min', 'database': 'CEVAC_WATT_TEMP_DAY_CACHE', 'column': 'ActualValue', 'num_entries': 2, 'hour': '*', 'day': '*', 'month': '*', 'condition': '<', 'value': '<alias- " Temp"> Heating SP', 'operation': 'warning', 'aliases': '*', 'sort_column': 'UTCDateTime', 'building': 'Watt'}
2019-06-06 14:53:00,017 INFO:Checked {'type': 'Temperature', 'message': '<alias> has been below is Heating SP for more than 30 min', 'database': 'CEVAC_WATT_TEMP_DAY_CACHE', 'column': 'ActualValue', 'num_entries': 2, 'hour': '*', 'day': '*', 'month': '*', 'condition': '<', 'value': '<alias- " Temp"> Heating SP', 'operation': 'warning', 'aliases': '*', 'sort_column': 'UTCDateTime', 'building': 'Watt'}
2019-06-06 14:53:00,017 INFO:Checked {'type': 'Temperature', 'message': '<alias> has been below is Heating SP for more than 30 min', 'database': 'CEVAC_WATT_TEMP_DAY_CACHE', 'column': 'ActualValue', 'num_entries': 2, 'hour': '*', 'day': '*', 'month': '*', 'condition': '<', 'value': '<alias- " Temp"> Heating SP', 'operation': 'warning', 'aliases': '*', 'sort_column': 'UTCDateTime', 'building': 'Watt'}
2019-06-06 14:53:00,018 INFO:Checked {'type': 'Temperature', 'message': '<alias> has been below is Heating SP for more than 30 min', 'database': 'CEVAC_WATT_TEMP_DAY_CACHE', 'column': 'ActualValue', 'num_entries': 2, 'hour': '*', 'day': '*', 'month': '*', 'condition': '<', 'value': '<alias- " Temp"> Heating SP', 'operation': 'warning', 'aliases': '*', 'sort_column': 'UTCDateTime', 'building': 'Watt'}
2019-06-06 14:53:00,018 INFO:Checked {'type': 'Temperature', 'message': '<alias> has been below is Heating SP for more than 30 min', 'database': 'CEVAC_WATT_TEMP_DAY_CACHE', 'column': 'ActualValue', 'num_entries': 2, 'hour': '*', 'day': '*', 'month': '*', 'condition': '<', 'value': '<alias- " Temp"> Heating SP', 'operation': 'warning', 'aliases': '*', 'sort_column': 'UTCDateTime', 'building': 'Watt'}
2019-06-06 14:53:00,018 INFO:Checked {'type': 'Temperature', 'message': '<alias> has been below is Heating SP for more than 30 min', 'database': 'CEVAC_WATT_TEMP_DAY_CACHE', 'column': 'ActualValue', 'num_entries': 2, 'hour': '*', 'day': '*', 'month': '*', 'condition': '<', 'value': '<alias- " Temp"> Heating SP', 'operation': 'warning', 'aliases': '*', 'sort_column': 'UTCDateTime', 'building': 'Watt'}
2019-06-06 14:53:00,018 INFO:Checked {'type': 'Temperature', 'message': '<alias> has been below is Heating SP for more than 30 min', 'database': 'CEVAC_WATT_TEMP_DAY_CACHE', 'column': 'ActualValue', 'num_entries': 2, 'hour': '*', 'day': '*', 'month': '*', 'condition': '<', 'value': '<alias- " Temp"> Heating SP', 'operation': 'warning', 'aliases': '*', 'sort_column': 'UTCDateTime', 'building': 'Watt'}
2019-06-06 14:53:00,018 INFO:Checked {'type': 'Temperature', 'message': '<alias> has been below is Heating SP for more than 30 min', 'database': 'CEVAC_WATT_TEMP_DAY_CACHE', 'column': 'ActualValue', 'num_entries': 2, 'hour': '*', 'day': '*', 'month': '*', 'condition': '<', 'value': '<alias- " Temp"> Heating SP', 'operation': 'warning', 'aliases': '*', 'sort_column': 'UTCDateTime', 'building': 'Watt'}
2019-06-06 14:53:00,018 INFO:Checked {'type': 'Temperature', 'message': '<alias> has been below is Heating SP for more than 30 min', 'database': 'CEVAC_WATT_TEMP_DAY_CACHE', 'column': 'ActualValue', 'num_entries': 2, 'hour': '*', 'day': '*', 'month': '*', 'condition': '<', 'value': '<alias- " Temp"> Heating SP', 'operation': 'warning', 'aliases': '*', 'sort_column': 'UTCDateTime', 'building': 'Watt'}
2019-06-06 14:53:00,018 INFO:Checked {'type': 'Temperature', 'message': '<alias> has been below is Heating SP for more than 30 min', 'database': 'CEVAC_WATT_TEMP_DAY_CACHE', 'column': 'ActualValue', 'num_entries': 2, 'hour': '*', 'day': '*', 'month': '*', 'condition': '<', 'value': '<alias- " Temp"> Heating SP', 'operation': 'warning', 'aliases': '*', 'sort_column': 'UTCDateTime', 'building': 'Watt'}
2019-06-06 14:53:00,018 INFO:Checked {'type': 'Temperature', 'message': '<alias> has been below is Heating SP for more than 30 min', 'database': 'CEVAC_WATT_TEMP_DAY_CACHE', 'column': 'ActualValue', 'num_entries': 2, 'hour': '*', 'day': '*', 'month': '*', 'condition': '<', 'value': '<alias- " Temp"> Heating SP', 'operation': 'warning', 'aliases': '*', 'sort_column': 'UTCDateTime', 'building': 'Watt'}
2019-06-06 14:53:00,018 INFO:Checked {'type': 'Temperature', 'message': '<alias> has been below is Heating SP for more than 30 min', 'database': 'CEVAC_WATT_TEMP_DAY_CACHE', 'column': 'ActualValue', 'num_entries': 2, 'hour': '*', 'day': '*', 'month': '*', 'condition': '<', 'value': '<alias- " Temp"> Heating SP', 'operation': 'warning', 'aliases': '*', 'sort_column': 'UTCDateTime', 'building': 'Watt'}
2019-06-06 14:53:00,018 INFO:Checked {'type': 'Temperature', 'message': '<alias> has been below is Heating SP for more than 30 min', 'database': 'CEVAC_WATT_TEMP_DAY_CACHE', 'column': 'ActualValue', 'num_entries': 2, 'hour': '*', 'day': '*', 'month': '*', 'condition': '<', 'value': '<alias- " Temp"> Heating SP', 'operation': 'warning', 'aliases': '*', 'sort_column': 'UTCDateTime', 'building': 'Watt'}
2019-06-06 14:53:00,018 INFO:Checked {'type': 'Temperature', 'message': '<alias> has been below is Heating SP for more than 30 min', 'database': 'CEVAC_WATT_TEMP_DAY_CACHE', 'column': 'ActualValue', 'num_entries': 2, 'hour': '*', 'day': '*', 'month': '*', 'condition': '<', 'value': '<alias- " Temp"> Heating SP', 'operation': 'warning', 'aliases': '*', 'sort_column': 'UTCDateTime', 'building': 'Watt'}
2019-06-06 14:53:00,018 INFO:Checked {'type': 'Temperature', 'message': '<alias> has been below is Heating SP for more than 30 min', 'database': 'CEVAC_WATT_TEMP_DAY_CACHE', 'column': 'ActualValue', 'num_entries': 2, 'hour': '*', 'day': '*', 'month': '*', 'condition': '<', 'value': '<alias- " Temp"> Heating SP', 'operation': 'warning', 'aliases': '*', 'sort_column': 'UTCDateTime', 'building': 'Watt'}
2019-06-06 14:53:00,018 INFO:Checked {'type': 'Temperature', 'message': '<alias> has been below is Heating SP for more than 30 min', 'database': 'CEVAC_WATT_TEMP_DAY_CACHE', 'column': 'ActualValue', 'num_entries': 2, 'hour': '*', 'day': '*', 'month': '*', 'condition': '<', 'value': '<alias- " Temp"> Heating SP', 'operation': 'warning', 'aliases': '*', 'sort_column': 'UTCDateTime', 'building': 'Watt'}
2019-06-06 14:53:00,018 ERROR:Issue on alert 11 {'type': 'Temperature', 'message': '<alias> has been below is Heating SP for more than 30 min', 'database': 'CEVAC_WATT_TEMP_DAY_CACHE', 'column': 'ActualValue', 'num_entries': 2, 'hour': '*', 'day': '*', 'month': '*', 'condition': '<', 'value': '<alias- " Temp"> Heating SP', 'operation': 'warning', 'aliases': '*', 'sort_column': 'UTCDateTime', 'building': 'Watt'}
2019-06-06 14:53:00,116 INFO:Checked {'type': 'Temperature', 'message': '<alias> has been more than 3 degrees below its Heating SP for more than 30 min', 'database': 'CEVAC_WATT_TEMP_DAY_CACHE', 'column': 'ActualValue', 'num_entries': 2, 'hour': '*', 'day': '*', 'month': '*', 'condition': '<', 'value': '<alias- " Temp"> Heating SP+3', 'operation': 'alert', 'aliases': '*', 'sort_column': 'UTCDateTime', 'building': 'Watt'}
2019-06-06 14:53:00,116 INFO:Checked {'type': 'Temperature', 'message': '<alias> has been more than 3 degrees below its Heating SP for more than 30 min', 'database': 'CEVAC_WATT_TEMP_DAY_CACHE', 'column': 'ActualValue', 'num_entries': 2, 'hour': '*', 'day': '*', 'month': '*', 'condition': '<', 'value': '<alias- " Temp"> Heating SP+3', 'operation': 'alert', 'aliases': '*', 'sort_column': 'UTCDateTime', 'building': 'Watt'}
2019-06-06 14:53:00,116 INFO:Checked {'type': 'Temperature', 'message': '<alias> has been more than 3 degrees below its Heating SP for more than 30 min', 'database': 'CEVAC_WATT_TEMP_DAY_CACHE', 'column': 'ActualValue', 'num_entries': 2, 'hour': '*', 'day': '*', 'month': '*', 'condition': '<', 'value': '<alias- " Temp"> Heating SP+3', 'operation': 'alert', 'aliases': '*', 'sort_column': 'UTCDateTime', 'building': 'Watt'}
2019-06-06 14:53:00,116 INFO:Checked {'type': 'Temperature', 'message': '<alias> has been more than 3 degrees below its Heating SP for more than 30 min', 'database': 'CEVAC_WATT_TEMP_DAY_CACHE', 'column': 'ActualValue', 'num_entries': 2, 'hour': '*', 'day': '*', 'month': '*', 'condition': '<', 'value': '<alias- " Temp"> Heating SP+3', 'operation': 'alert', 'aliases': '*', 'sort_column': 'UTCDateTime', 'building': 'Watt'}
2019-06-06 14:53:00,116 INFO:Checked {'type': 'Temperature', 'message': '<alias> has been more than 3 degrees below its Heating SP for more than 30 min', 'database': 'CEVAC_WATT_TEMP_DAY_CACHE', 'column': 'ActualValue', 'num_entries': 2, 'hour': '*', 'day': '*', 'month': '*', 'condition': '<', 'value': '<alias- " Temp"> Heating SP+3', 'operation': 'alert', 'aliases': '*', 'sort_column': 'UTCDateTime', 'building': 'Watt'}
2019-06-06 14:53:00,116 INFO:Checked {'type': 'Temperature', 'message': '<alias> has been more than 3 degrees below its Heating SP for more than 30 min', 'database': 'CEVAC_WATT_TEMP_DAY_CACHE', 'column': 'ActualValue', 'num_entries': 2, 'hour': '*', 'day': '*', 'month': '*', 'condition': '<', 'value': '<alias- " Temp"> Heating SP+3', 'operation': 'alert', 'aliases': '*', 'sort_column': 'UTCDateTime', 'building': 'Watt'}
2019-06-06 14:53:00,116 INFO:Checked {'type': 'Temperature', 'message': '<alias> has been more than 3 degrees below its Heating SP for more than 30 min', 'database': 'CEVAC_WATT_TEMP_DAY_CACHE', 'column': 'ActualValue', 'num_entries': 2, 'hour': '*', 'day': '*', 'month': '*', 'condition': '<', 'value': '<alias- " Temp"> Heating SP+3', 'operation': 'alert', 'aliases': '*', 'sort_column': 'UTCDateTime', 'building': 'Watt'}
2019-06-06 14:53:00,117 INFO:Checked {'type': 'Temperature', 'message': '<alias> has been more than 3 degrees below its Heating SP for more than 30 min', 'database': 'CEVAC_WATT_TEMP_DAY_CACHE', 'column': 'ActualValue', 'num_entries': 2, 'hour': '*', 'day': '*', 'month': '*', 'condition': '<', 'value': '<alias- " Temp"> Heating SP+3', 'operation': 'alert', 'aliases': '*', 'sort_column': 'UTCDateTime', 'building': 'Watt'}
2019-06-06 14:53:00,117 INFO:Checked {'type': 'Temperature', 'message': '<alias> has been more than 3 degrees below its Heating SP for more than 30 min', 'database': 'CEVAC_WATT_TEMP_DAY_CACHE', 'column': 'ActualValue', 'num_entries': 2, 'hour': '*', 'day': '*', 'month': '*', 'condition': '<', 'value': '<alias- " Temp"> Heating SP+3', 'operation': 'alert', 'aliases': '*', 'sort_column': 'UTCDateTime', 'building': 'Watt'}
2019-06-06 14:53:00,117 INFO:Checked {'type': 'Temperature', 'message': '<alias> has been more than 3 degrees below its Heating SP for more than 30 min', 'database': 'CEVAC_WATT_TEMP_DAY_CACHE', 'column': 'ActualValue', 'num_entries': 2, 'hour': '*', 'day': '*', 'month': '*', 'condition': '<', 'value': '<alias- " Temp"> Heating SP+3', 'operation': 'alert', 'aliases': '*', 'sort_column': 'UTCDateTime', 'building': 'Watt'}
2019-06-06 14:53:00,117 INFO:Checked {'type': 'Temperature', 'message': '<alias> has been more than 3 degrees below its Heating SP for more than 30 min', 'database': 'CEVAC_WATT_TEMP_DAY_CACHE', 'column': 'ActualValue', 'num_entries': 2, 'hour': '*', 'day': '*', 'month': '*', 'condition': '<', 'value': '<alias- " Temp"> Heating SP+3', 'operation': 'alert', 'aliases': '*', 'sort_column': 'UTCDateTime', 'building': 'Watt'}
2019-06-06 14:53:00,117 INFO:Checked {'type': 'Temperature', 'message': '<alias> has been more than 3 degrees below its Heating SP for more than 30 min', 'database': 'CEVAC_WATT_TEMP_DAY_CACHE', 'column': 'ActualValue', 'num_entries': 2, 'hour': '*', 'day': '*', 'month': '*', 'condition': '<', 'value': '<alias- " Temp"> Heating SP+3', 'operation': 'alert', 'aliases': '*', 'sort_column': 'UTCDateTime', 'building': 'Watt'}
2019-06-06 14:53:00,117 INFO:Checked {'type': 'Temperature', 'message': '<alias> has been more than 3 degrees below its Heating SP for more than 30 min', 'database': 'CEVAC_WATT_TEMP_DAY_CACHE', 'column': 'ActualValue', 'num_entries': 2, 'hour': '*', 'day': '*', 'month': '*', 'condition': '<', 'value': '<alias- " Temp"> Heating SP+3', 'operation': 'alert', 'aliases': '*', 'sort_column': 'UTCDateTime', 'building': 'Watt'}
2019-06-06 14:53:00,117 INFO:Checked {'type': 'Temperature', 'message': '<alias> has been more than 3 degrees below its Heating SP for more than 30 min', 'database': 'CEVAC_WATT_TEMP_DAY_CACHE', 'column': 'ActualValue', 'num_entries': 2, 'hour': '*', 'day': '*', 'month': '*', 'condition': '<', 'value': '<alias- " Temp"> Heating SP+3', 'operation': 'alert', 'aliases': '*', 'sort_column': 'UTCDateTime', 'building': 'Watt'}
2019-06-06 14:53:00,117 INFO:Checked {'type': 'Temperature', 'message': '<alias> has been more than 3 degrees below its Heating SP for more than 30 min', 'database': 'CEVAC_WATT_TEMP_DAY_CACHE', 'column': 'ActualValue', 'num_entries': 2, 'hour': '*', 'day': '*', 'month': '*', 'condition': '<', 'value': '<alias- " Temp"> Heating SP+3', 'operation': 'alert', 'aliases': '*', 'sort_column': 'UTCDateTime', 'building': 'Watt'}
2019-06-06 14:53:00,117 INFO:Checked {'type': 'Temperature', 'message': '<alias> has been more than 3 degrees below its Heating SP for more than 30 min', 'database': 'CEVAC_WATT_TEMP_DAY_CACHE', 'column': 'ActualValue', 'num_entries': 2, 'hour': '*', 'day': '*', 'month': '*', 'condition': '<', 'value': '<alias- " Temp"> Heating SP+3', 'operation': 'alert', 'aliases': '*', 'sort_column': 'UTCDateTime', 'building': 'Watt'}
2019-06-06 14:53:00,118 INFO:Checked {'type': 'Temperature', 'message': '<alias> has been more than 3 degrees below its Heating SP for more than 30 min', 'database': 'CEVAC_WATT_TEMP_DAY_CACHE', 'column': 'ActualValue', 'num_entries': 2, 'hour': '*', 'day': '*', 'month': '*', 'condition': '<', 'value': '<alias- " Temp"> Heating SP+3', 'operation': 'alert', 'aliases': '*', 'sort_column': 'UTCDateTime', 'building': 'Watt'}
2019-06-06 14:53:00,118 INFO:Checked {'type': 'Temperature', 'message': '<alias> has been more than 3 degrees below its Heating SP for more than 30 min', 'database': 'CEVAC_WATT_TEMP_DAY_CACHE', 'column': 'ActualValue', 'num_entries': 2, 'hour': '*', 'day': '*', 'month': '*', 'condition': '<', 'value': '<alias- " Temp"> Heating SP+3', 'operation': 'alert', 'aliases': '*', 'sort_column': 'UTCDateTime', 'building': 'Watt'}
2019-06-06 14:53:00,118 INFO:Checked {'type': 'Temperature', 'message': '<alias> has been more than 3 degrees below its Heating SP for more than 30 min', 'database': 'CEVAC_WATT_TEMP_DAY_CACHE', 'column': 'ActualValue', 'num_entries': 2, 'hour': '*', 'day': '*', 'month': '*', 'condition': '<', 'value': '<alias- " Temp"> Heating SP+3', 'operation': 'alert', 'aliases': '*', 'sort_column': 'UTCDateTime', 'building': 'Watt'}
2019-06-06 14:53:00,118 INFO:Checked {'type': 'Temperature', 'message': '<alias> has been more than 3 degrees below its Heating SP for more than 30 min', 'database': 'CEVAC_WATT_TEMP_DAY_CACHE', 'column': 'ActualValue', 'num_entries': 2, 'hour': '*', 'day': '*', 'month': '*', 'condition': '<', 'value': '<alias- " Temp"> Heating SP+3', 'operation': 'alert', 'aliases': '*', 'sort_column': 'UTCDateTime', 'building': 'Watt'}
2019-06-06 14:53:00,118 INFO:Checked {'type': 'Temperature', 'message': '<alias> has been more than 3 degrees below its Heating SP for more than 30 min', 'database': 'CEVAC_WATT_TEMP_DAY_CACHE', 'column': 'ActualValue', 'num_entries': 2, 'hour': '*', 'day': '*', 'month': '*', 'condition': '<', 'value': '<alias- " Temp"> Heating SP+3', 'operation': 'alert', 'aliases': '*', 'sort_column': 'UTCDateTime', 'building': 'Watt'}
2019-06-06 14:53:00,118 INFO:Checked {'type': 'Temperature', 'message': '<alias> has been more than 3 degrees below its Heating SP for more than 30 min', 'database': 'CEVAC_WATT_TEMP_DAY_CACHE', 'column': 'ActualValue', 'num_entries': 2, 'hour': '*', 'day': '*', 'month': '*', 'condition': '<', 'value': '<alias- " Temp"> Heating SP+3', 'operation': 'alert', 'aliases': '*', 'sort_column': 'UTCDateTime', 'building': 'Watt'}
2019-06-06 14:53:00,118 INFO:Checked {'type': 'Temperature', 'message': '<alias> has been more than 3 degrees below its Heating SP for more than 30 min', 'database': 'CEVAC_WATT_TEMP_DAY_CACHE', 'column': 'ActualValue', 'num_entries': 2, 'hour': '*', 'day': '*', 'month': '*', 'condition': '<', 'value': '<alias- " Temp"> Heating SP+3', 'operation': 'alert', 'aliases': '*', 'sort_column': 'UTCDateTime', 'building': 'Watt'}
2019-06-06 14:53:00,118 INFO:Checked {'type': 'Temperature', 'message': '<alias> has been more than 3 degrees below its Heating SP for more than 30 min', 'database': 'CEVAC_WATT_TEMP_DAY_CACHE', 'column': 'ActualValue', 'num_entries': 2, 'hour': '*', 'day': '*', 'month': '*', 'condition': '<', 'value': '<alias- " Temp"> Heating SP+3', 'operation': 'alert', 'aliases': '*', 'sort_column': 'UTCDateTime', 'building': 'Watt'}
2019-06-06 14:53:00,118 INFO:Checked {'type': 'Temperature', 'message': '<alias> has been more than 3 degrees below its Heating SP for more than 30 min', 'database': 'CEVAC_WATT_TEMP_DAY_CACHE', 'column': 'ActualValue', 'num_entries': 2, 'hour': '*', 'day': '*', 'month': '*', 'condition': '<', 'value': '<alias- " Temp"> Heating SP+3', 'operation': 'alert', 'aliases': '*', 'sort_column': 'UTCDateTime', 'building': 'Watt'}
2019-06-06 14:53:00,118 INFO:Checked {'type': 'Temperature', 'message': '<alias> has been more than 3 degrees below its Heating SP for more than 30 min', 'database': 'CEVAC_WATT_TEMP_DAY_CACHE', 'column': 'ActualValue', 'num_entries': 2, 'hour': '*', 'day': '*', 'month': '*', 'condition': '<', 'value': '<alias- " Temp"> Heating SP+3', 'operation': 'alert', 'aliases': '*', 'sort_column': 'UTCDateTime', 'building': 'Watt'}
2019-06-06 14:53:00,118 INFO:Checked {'type': 'Temperature', 'message': '<alias> has been more than 3 degrees below its Heating SP for more than 30 min', 'database': 'CEVAC_WATT_TEMP_DAY_CACHE', 'column': 'ActualValue', 'num_entries': 2, 'hour': '*', 'day': '*', 'month': '*', 'condition': '<', 'value': '<alias- " Temp"> Heating SP+3', 'operation': 'alert', 'aliases': '*', 'sort_column': 'UTCDateTime', 'building': 'Watt'}
2019-06-06 14:53:00,118 INFO:Checked {'type': 'Temperature', 'message': '<alias> has been more than 3 degrees below its Heating SP for more than 30 min', 'database': 'CEVAC_WATT_TEMP_DAY_CACHE', 'column': 'ActualValue', 'num_entries': 2, 'hour': '*', 'day': '*', 'month': '*', 'condition': '<', 'value': '<alias- " Temp"> Heating SP+3', 'operation': 'alert', 'aliases': '*', 'sort_column': 'UTCDateTime', 'building': 'Watt'}
2019-06-06 14:53:00,118 INFO:Checked {'type': 'Temperature', 'message': '<alias> has been more than 3 degrees below its Heating SP for more than 30 min', 'database': 'CEVAC_WATT_TEMP_DAY_CACHE', 'column': 'ActualValue', 'num_entries': 2, 'hour': '*', 'day': '*', 'month': '*', 'condition': '<', 'value': '<alias- " Temp"> Heating SP+3', 'operation': 'alert', 'aliases': '*', 'sort_column': 'UTCDateTime', 'building': 'Watt'}
2019-06-06 14:53:00,118 INFO:Checked {'type': 'Temperature', 'message': '<alias> has been more than 3 degrees below its Heating SP for more than 30 min', 'database': 'CEVAC_WATT_TEMP_DAY_CACHE', 'column': 'ActualValue', 'num_entries': 2, 'hour': '*', 'day': '*', 'month': '*', 'condition': '<', 'value': '<alias- " Temp"> Heating SP+3', 'operation': 'alert', 'aliases': '*', 'sort_column': 'UTCDateTime', 'building': 'Watt'}
2019-06-06 14:53:00,118 ERROR:Issue on alert 12 {'type': 'Temperature', 'message': '<alias> has been more than 3 degrees below its Heating SP for more than 30 min', 'database': 'CEVAC_WATT_TEMP_DAY_CACHE', 'column': 'ActualValue', 'num_entries': 2, 'hour': '*', 'day': '*', 'month': '*', 'condition': '<', 'value': '<alias- " Temp"> Heating SP+3', 'operation': 'alert', 'aliases': '*', 'sort_column': 'UTCDateTime', 'building': 'Watt'}
2019-06-06 14:53:00,118 ERROR:<now> not yet ready in script
2019-06-06 14:53:00,118 ERROR:<now> not yet ready in script
2019-06-06 14:53:00,119 ERROR:<now> not yet ready in script
2019-06-06 14:53:00,175 INFO:2019-06-06 14:53:00.175415 TOTAL ISSUES: 4
